  main.cpp
D:\Eastern_Famous_School_Fantasyland\Eastern_Famous_School_Fantasyland\Eastern_Famous_School_Fantasyland\main.cpp(203,24): warning C4244: “参数”: 从“ll”转换到“int”，可能丢失数据
D:\Eastern_Famous_School_Fantasyland\Eastern_Famous_School_Fantasyland\Eastern_Famous_School_Fantasyland\main.cpp(271,11): warning C4244: “+=”: 从“double”转换到“int”，可能丢失数据
D:\Eastern_Famous_School_Fantasyland\Eastern_Famous_School_Fantasyland\Eastern_Famous_School_Fantasyland\main.cpp(272,11): warning C4244: “-=”: 从“double”转换到“int”，可能丢失数据
D:\Eastern_Famous_School_Fantasyland\Eastern_Famous_School_Fantasyland\Eastern_Famous_School_Fantasyland\main.cpp(276,11): warning C4244: “-=”: 从“double”转换到“int”，可能丢失数据
D:\Eastern_Famous_School_Fantasyland\Eastern_Famous_School_Fantasyland\Eastern_Famous_School_Fantasyland\main.cpp(277,11): warning C4244: “-=”: 从“double”转换到“int”，可能丢失数据
D:\Eastern_Famous_School_Fantasyland\Eastern_Famous_School_Fantasyland\Eastern_Famous_School_Fantasyland\main.cpp(281,11): warning C4244: “+=”: 从“double”转换到“int”，可能丢失数据
D:\Eastern_Famous_School_Fantasyland\Eastern_Famous_School_Fantasyland\Eastern_Famous_School_Fantasyland\main.cpp(282,11): warning C4244: “-=”: 从“double”转换到“int”，可能丢失数据
D:\Eastern_Famous_School_Fantasyland\Eastern_Famous_School_Fantasyland\Eastern_Famous_School_Fantasyland\main.cpp(286,11): warning C4244: “-=”: 从“double”转换到“int”，可能丢失数据
D:\Eastern_Famous_School_Fantasyland\Eastern_Famous_School_Fantasyland\Eastern_Famous_School_Fantasyland\main.cpp(287,11): warning C4244: “-=”: 从“double”转换到“int”，可能丢失数据
D:\Eastern_Famous_School_Fantasyland\Eastern_Famous_School_Fantasyland\Eastern_Famous_School_Fantasyland\main.cpp(440,16): warning C4244: “+=”: 从“double”转换到“int”，可能丢失数据
D:\Eastern_Famous_School_Fantasyland\Eastern_Famous_School_Fantasyland\Eastern_Famous_School_Fantasyland\main.cpp(441,16): warning C4244: “+=”: 从“double”转换到“int”，可能丢失数据
D:\Eastern_Famous_School_Fantasyland\Eastern_Famous_School_Fantasyland\Eastern_Famous_School_Fantasyland\main.cpp(527,11): warning C4244: “=”: 从“int”转换到“float”，可能丢失数据
D:\Eastern_Famous_School_Fantasyland\Eastern_Famous_School_Fantasyland\Eastern_Famous_School_Fantasyland\main.cpp(528,11): warning C4244: “=”: 从“int”转换到“float”，可能丢失数据
D:\Eastern_Famous_School_Fantasyland\Eastern_Famous_School_Fantasyland\Eastern_Famous_School_Fantasyland\main.cpp(554,12): warning C4244: “+=”: 从“double”转换到“float”，可能丢失数据
D:\Eastern_Famous_School_Fantasyland\Eastern_Famous_School_Fantasyland\Eastern_Famous_School_Fantasyland\main.cpp(555,12): warning C4244: “+=”: 从“double”转换到“float”，可能丢失数据
D:\Eastern_Famous_School_Fantasyland\Eastern_Famous_School_Fantasyland\Eastern_Famous_School_Fantasyland\main.cpp(556,7): warning C4244: “=”: 从“float”转换到“int”，可能丢失数据
D:\Eastern_Famous_School_Fantasyland\Eastern_Famous_School_Fantasyland\Eastern_Famous_School_Fantasyland\main.cpp(557,7): warning C4244: “=”: 从“float”转换到“int”，可能丢失数据
D:\Eastern_Famous_School_Fantasyland\Eastern_Famous_School_Fantasyland\Eastern_Famous_School_Fantasyland\main.cpp(632,9): warning C4244: “+=”: 从“double”转换到“int”，可能丢失数据
D:\Eastern_Famous_School_Fantasyland\Eastern_Famous_School_Fantasyland\Eastern_Famous_School_Fantasyland\main.cpp(633,9): warning C4244: “+=”: 从“double”转换到“int”，可能丢失数据
D:\Eastern_Famous_School_Fantasyland\Eastern_Famous_School_Fantasyland\Eastern_Famous_School_Fantasyland\main.cpp(752,11): warning C4244: “=”: 从“int”转换到“float”，可能丢失数据
D:\Eastern_Famous_School_Fantasyland\Eastern_Famous_School_Fantasyland\Eastern_Famous_School_Fantasyland\main.cpp(753,11): warning C4244: “=”: 从“int”转换到“float”，可能丢失数据
D:\Eastern_Famous_School_Fantasyland\Eastern_Famous_School_Fantasyland\Eastern_Famous_School_Fantasyland\main.cpp(779,45): warning C4244: “参数”: 从“double”转换到“int”，可能丢失数据
D:\Eastern_Famous_School_Fantasyland\Eastern_Famous_School_Fantasyland\Eastern_Famous_School_Fantasyland\main.cpp(779,21): warning C4244: “参数”: 从“double”转换到“int”，可能丢失数据
D:\Eastern_Famous_School_Fantasyland\Eastern_Famous_School_Fantasyland\Eastern_Famous_School_Fantasyland\main.cpp(780,48): warning C4244: “参数”: 从“double”转换到“int”，可能丢失数据
D:\Eastern_Famous_School_Fantasyland\Eastern_Famous_School_Fantasyland\Eastern_Famous_School_Fantasyland\main.cpp(780,22): warning C4244: “参数”: 从“double”转换到“int”，可能丢失数据
D:\Eastern_Famous_School_Fantasyland\Eastern_Famous_School_Fantasyland\Eastern_Famous_School_Fantasyland\main.cpp(793,45): warning C4244: “参数”: 从“double”转换到“int”，可能丢失数据
D:\Eastern_Famous_School_Fantasyland\Eastern_Famous_School_Fantasyland\Eastern_Famous_School_Fantasyland\main.cpp(793,22): warning C4244: “参数”: 从“double”转换到“int”，可能丢失数据
D:\Eastern_Famous_School_Fantasyland\Eastern_Famous_School_Fantasyland\Eastern_Famous_School_Fantasyland\main.cpp(795,52): warning C4244: “参数”: 从“double”转换到“int”，可能丢失数据
D:\Eastern_Famous_School_Fantasyland\Eastern_Famous_School_Fantasyland\Eastern_Famous_School_Fantasyland\main.cpp(795,22): warning C4244: “参数”: 从“double”转换到“int”，可能丢失数据
D:\Eastern_Famous_School_Fantasyland\Eastern_Famous_School_Fantasyland\Eastern_Famous_School_Fantasyland\main.cpp(797,51): warning C4244: “参数”: 从“double”转换到“int”，可能丢失数据
D:\Eastern_Famous_School_Fantasyland\Eastern_Famous_School_Fantasyland\Eastern_Famous_School_Fantasyland\main.cpp(797,22): warning C4244: “参数”: 从“double”转换到“int”，可能丢失数据
D:\Eastern_Famous_School_Fantasyland\Eastern_Famous_School_Fantasyland\Eastern_Famous_School_Fantasyland\main.cpp(799,61): warning C4244: “参数”: 从“double”转换到“int”，可能丢失数据
D:\Eastern_Famous_School_Fantasyland\Eastern_Famous_School_Fantasyland\Eastern_Famous_School_Fantasyland\main.cpp(799,22): warning C4244: “参数”: 从“double”转换到“int”，可能丢失数据
D:\Eastern_Famous_School_Fantasyland\Eastern_Famous_School_Fantasyland\Eastern_Famous_School_Fantasyland\main.cpp(840,57): warning C4244: “参数”: 从“double”转换到“int”，可能丢失数据
D:\Eastern_Famous_School_Fantasyland\Eastern_Famous_School_Fantasyland\Eastern_Famous_School_Fantasyland\main.cpp(840,25): warning C4244: “参数”: 从“double”转换到“int”，可能丢失数据
D:\Eastern_Famous_School_Fantasyland\Eastern_Famous_School_Fantasyland\Eastern_Famous_School_Fantasyland\main.cpp(858,46): warning C4244: “参数”: 从“double”转换到“int”，可能丢失数据
D:\Eastern_Famous_School_Fantasyland\Eastern_Famous_School_Fantasyland\Eastern_Famous_School_Fantasyland\main.cpp(858,24): warning C4244: “参数”: 从“double”转换到“int”，可能丢失数据
D:\Eastern_Famous_School_Fantasyland\Eastern_Famous_School_Fantasyland\Eastern_Famous_School_Fantasyland\main.cpp(859,46): warning C4244: “参数”: 从“double”转换到“int”，可能丢失数据
D:\Eastern_Famous_School_Fantasyland\Eastern_Famous_School_Fantasyland\Eastern_Famous_School_Fantasyland\main.cpp(859,24): warning C4244: “参数”: 从“double”转换到“int”，可能丢失数据
D:\Eastern_Famous_School_Fantasyland\Eastern_Famous_School_Fantasyland\Eastern_Famous_School_Fantasyland\main.cpp(868,67): warning C4244: “参数”: 从“double”转换到“int”，可能丢失数据
D:\Eastern_Famous_School_Fantasyland\Eastern_Famous_School_Fantasyland\Eastern_Famous_School_Fantasyland\main.cpp(868,41): warning C4244: “参数”: 从“double”转换到“int”，可能丢失数据
D:\Eastern_Famous_School_Fantasyland\Eastern_Famous_School_Fantasyland\Eastern_Famous_School_Fantasyland\main.cpp(870,70): warning C4244: “参数”: 从“double”转换到“int”，可能丢失数据
D:\Eastern_Famous_School_Fantasyland\Eastern_Famous_School_Fantasyland\Eastern_Famous_School_Fantasyland\main.cpp(870,41): warning C4244: “参数”: 从“double”转换到“int”，可能丢失数据
D:\Eastern_Famous_School_Fantasyland\Eastern_Famous_School_Fantasyland\Eastern_Famous_School_Fantasyland\main.cpp(878,58): warning C4244: “参数”: 从“double”转换到“int”，可能丢失数据
D:\Eastern_Famous_School_Fantasyland\Eastern_Famous_School_Fantasyland\Eastern_Famous_School_Fantasyland\main.cpp(878,22): warning C4244: “参数”: 从“double”转换到“int”，可能丢失数据
D:\Eastern_Famous_School_Fantasyland\Eastern_Famous_School_Fantasyland\Eastern_Famous_School_Fantasyland\main.cpp(879,63): warning C4244: “参数”: 从“double”转换到“int”，可能丢失数据
D:\Eastern_Famous_School_Fantasyland\Eastern_Famous_School_Fantasyland\Eastern_Famous_School_Fantasyland\main.cpp(879,22): warning C4244: “参数”: 从“double”转换到“int”，可能丢失数据
D:\Eastern_Famous_School_Fantasyland\Eastern_Famous_School_Fantasyland\Eastern_Famous_School_Fantasyland\main.cpp(901,12): warning C4244: “+=”: 从“double”转换到“float”，可能丢失数据
D:\Eastern_Famous_School_Fantasyland\Eastern_Famous_School_Fantasyland\Eastern_Famous_School_Fantasyland\main.cpp(902,12): warning C4244: “+=”: 从“double”转换到“float”，可能丢失数据
D:\Eastern_Famous_School_Fantasyland\Eastern_Famous_School_Fantasyland\Eastern_Famous_School_Fantasyland\main.cpp(903,7): warning C4244: “=”: 从“float”转换到“int”，可能丢失数据
D:\Eastern_Famous_School_Fantasyland\Eastern_Famous_School_Fantasyland\Eastern_Famous_School_Fantasyland\main.cpp(904,7): warning C4244: “=”: 从“float”转换到“int”，可能丢失数据
D:\Eastern_Famous_School_Fantasyland\Eastern_Famous_School_Fantasyland\Eastern_Famous_School_Fantasyland\main.cpp(918,25): warning C4244: “参数”: 从“double”转换到“int”，可能丢失数据
D:\Eastern_Famous_School_Fantasyland\Eastern_Famous_School_Fantasyland\Eastern_Famous_School_Fantasyland\main.cpp(1085,19): warning C4244: “初始化”: 从“ULONGLONG”转换到“DWORD”，可能丢失数据
D:\Eastern_Famous_School_Fantasyland\Eastern_Famous_School_Fantasyland\Eastern_Famous_School_Fantasyland\main.cpp(1138,17): warning C4244: “初始化”: 从“ULONGLONG”转换到“DWORD”，可能丢失数据
D:\Eastern_Famous_School_Fantasyland\Eastern_Famous_School_Fantasyland\Eastern_Famous_School_Fantasyland\main.cpp(1152,25): warning C4244: “初始化”: 从“ULONGLONG”转换到“DWORD”，可能丢失数据
D:\Eastern_Famous_School_Fantasyland\Eastern_Famous_School_Fantasyland\Eastern_Famous_School_Fantasyland\main.cpp(1168,19): warning C4244: “初始化”: 从“ULONGLONG”转换到“DWORD”，可能丢失数据
D:\Eastern_Famous_School_Fantasyland\Eastern_Famous_School_Fantasyland\Eastern_Famous_School_Fantasyland\main.cpp(1314,24): warning C4244: “初始化”: 从“ULONGLONG”转换到“DWORD”，可能丢失数据
D:\Eastern_Famous_School_Fantasyland\Eastern_Famous_School_Fantasyland\Eastern_Famous_School_Fantasyland\main.cpp(1834,17): warning C4244: “初始化”: 从“ULONGLONG”转换到“DWORD”，可能丢失数据
D:\Eastern_Famous_School_Fantasyland\Eastern_Famous_School_Fantasyland\Eastern_Famous_School_Fantasyland\main.cpp(1848,25): warning C4244: “初始化”: 从“ULONGLONG”转换到“DWORD”，可能丢失数据
D:\Eastern_Famous_School_Fantasyland\Eastern_Famous_School_Fantasyland\Eastern_Famous_School_Fantasyland\main.cpp(1865,19): warning C4244: “初始化”: 从“ULONGLONG”转换到“DWORD”，可能丢失数据
D:\Eastern_Famous_School_Fantasyland\Eastern_Famous_School_Fantasyland\Eastern_Famous_School_Fantasyland\main.cpp(2008,24): warning C4244: “初始化”: 从“ULONGLONG”转换到“DWORD”，可能丢失数据
D:\Eastern_Famous_School_Fantasyland\Eastern_Famous_School_Fantasyland\Eastern_Famous_School_Fantasyland\main.cpp(2119,31): warning C4244: “参数”: 从“double”转换到“int”，可能丢失数据
D:\Eastern_Famous_School_Fantasyland\Eastern_Famous_School_Fantasyland\Eastern_Famous_School_Fantasyland\main.cpp(2123,32): warning C4244: “参数”: 从“double”转换到“int”，可能丢失数据
D:\Eastern_Famous_School_Fantasyland\Eastern_Famous_School_Fantasyland\Eastern_Famous_School_Fantasyland\main.cpp(2571,17): warning C4244: “初始化”: 从“ULONGLONG”转换到“DWORD”，可能丢失数据
D:\Eastern_Famous_School_Fantasyland\Eastern_Famous_School_Fantasyland\Eastern_Famous_School_Fantasyland\main.cpp(2596,19): warning C4244: “初始化”: 从“ULONGLONG”转换到“DWORD”，可能丢失数据
D:\Eastern_Famous_School_Fantasyland\Eastern_Famous_School_Fantasyland\Eastern_Famous_School_Fantasyland\main.cpp(2610,17): warning C4244: “初始化”: 从“ULONGLONG”转换到“DWORD”，可能丢失数据
D:\Eastern_Famous_School_Fantasyland\Eastern_Famous_School_Fantasyland\Eastern_Famous_School_Fantasyland\main.cpp(2633,19): warning C4244: “初始化”: 从“ULONGLONG”转换到“DWORD”，可能丢失数据
D:\Eastern_Famous_School_Fantasyland\Eastern_Famous_School_Fantasyland\Eastern_Famous_School_Fantasyland\main.cpp(2684,17): warning C4244: “初始化”: 从“ULONGLONG”转换到“DWORD”，可能丢失数据
D:\Eastern_Famous_School_Fantasyland\Eastern_Famous_School_Fantasyland\Eastern_Famous_School_Fantasyland\main.cpp(2773,12): warning C4244: “参数”: 从“time_t”转换到“unsigned int”，可能丢失数据
  Eastern_Famous_School_Fantasyland.vcxproj -> D:\Eastern_Famous_School_Fantasyland\Eastern_Famous_School_Fantasyland\x64\Debug\Eastern_Famous_School_Fantasyland.exe
